# Logfile created on 2014-05-29 13:05:41 +0100 by logger.rb/v1.2.7
I, [2014-05-29T13:05:41.537341 #4625]  INFO -- : 0:  coffee-script-source (1.7.0) from /Users/cronin/.gem/ruby/2.2.0/specifications/coffee-script-source-1.7.0.gemspec
I, [2014-05-29T13:05:42.464553 #4625]  INFO -- : 0:  execjs (2.1.0) from /Users/cronin/.gem/ruby/2.2.0/specifications/execjs-2.1.0.gemspec
I, [2014-05-29T13:05:43.398676 #4625]  INFO -- : 0:  coffee-script (2.2.0) from /Users/cronin/.gem/ruby/2.2.0/specifications/coffee-script-2.2.0.gemspec
I, [2014-05-29T13:05:44.381982 #4625]  INFO -- : 0:  tilt (1.4.1) from /Users/cronin/.gem/ruby/2.2.0/specifications/tilt-1.4.1.gemspec
I, [2014-05-29T13:05:45.510081 #4625]  INFO -- : 0:  haml (4.0.5) from /Users/cronin/.gem/ruby/2.2.0/specifications/haml-4.0.5.gemspec
I, [2014-05-29T13:05:46.664284 #4625]  INFO -- : 0:  rack (1.5.2) from /Users/cronin/.gem/ruby/2.2.0/specifications/rack-1.5.2.gemspec
I, [2014-05-29T13:05:47.652517 #4625]  INFO -- : 0:  rack-protection (1.5.3) from /Users/cronin/.gem/ruby/2.2.0/specifications/rack-protection-1.5.3.gemspec
I, [2014-05-29T13:05:49.026306 #4625]  INFO -- : 0:  sinatra (1.4.5) from /Users/cronin/.gem/ruby/2.2.0/specifications/sinatra-1.4.5.gemspec
I, [2014-05-29T13:05:49.026620 #4625]  INFO -- : 0:  bundler (1.5.1) from /Users/cronin/.gem/ruby/2.2.0/specifications/bundler-1.5.1.gemspec
I, [2014-05-29T13:27:09.055701 #5554]  INFO -- : 0:  i18n (0.6.9) from /Users/cronin/.gem/ruby/2.2.0/specifications/i18n-0.6.9.gemspec
I, [2014-05-29T13:27:09.056214 #5554]  INFO -- : 0:  json (1.8.1) from /Users/cronin/.rbenv/versions/2.2.0-dev/lib/ruby/gems/2.2.0/specifications/default/json-1.8.1.gemspec
I, [2014-05-29T13:27:10.053254 #5554]  INFO -- : 0:  minitest (5.3.4) from /Users/cronin/.gem/ruby/2.2.0/specifications/minitest-5.3.4.gemspec
I, [2014-05-29T13:27:11.101371 #5554]  INFO -- : 0:  thread_safe (0.3.4) from /Users/cronin/.gem/ruby/2.2.0/specifications/thread_safe-0.3.4.gemspec
I, [2014-05-29T13:27:12.184772 #5554]  INFO -- : 0:  tzinfo (1.2.0) from /Users/cronin/.gem/ruby/2.2.0/specifications/tzinfo-1.2.0.gemspec
I, [2014-05-29T13:27:13.449294 #5554]  INFO -- : 0:  activesupport (4.1.1) from /Users/cronin/.gem/ruby/2.2.0/specifications/activesupport-4.1.1.gemspec
I, [2014-05-29T13:27:13.449683 #5554]  INFO -- : 0:  builder (3.2.2) from /Users/cronin/.gem/ruby/2.2.0/specifications/builder-3.2.2.gemspec
I, [2014-05-29T13:27:14.434489 #5554]  INFO -- : 0:  activemodel (4.1.1) from /Users/cronin/.gem/ruby/2.2.0/specifications/activemodel-4.1.1.gemspec
I, [2014-05-29T13:27:15.554899 #5554]  INFO -- : 0:  arel (5.0.1.20140414130214) from /Users/cronin/.gem/ruby/2.2.0/specifications/arel-5.0.1.20140414130214.gemspec
I, [2014-05-29T13:27:16.952498 #5554]  INFO -- : 0:  activerecord (4.1.1) from /Users/cronin/.gem/ruby/2.2.0/specifications/activerecord-4.1.1.gemspec
I, [2014-05-29T13:27:16.952780 #5554]  INFO -- : 0:  coffee-script-source (1.7.0) from /Users/cronin/.gem/ruby/2.2.0/specifications/coffee-script-source-1.7.0.gemspec
I, [2014-05-29T13:27:16.952974 #5554]  INFO -- : 0:  execjs (2.1.0) from /Users/cronin/.gem/ruby/2.2.0/specifications/execjs-2.1.0.gemspec
I, [2014-05-29T13:27:16.953176 #5554]  INFO -- : 0:  coffee-script (2.2.0) from /Users/cronin/.gem/ruby/2.2.0/specifications/coffee-script-2.2.0.gemspec
I, [2014-05-29T13:27:16.953373 #5554]  INFO -- : 0:  tilt (1.4.1) from /Users/cronin/.gem/ruby/2.2.0/specifications/tilt-1.4.1.gemspec
I, [2014-05-29T13:27:16.953567 #5554]  INFO -- : 0:  haml (4.0.5) from /Users/cronin/.gem/ruby/2.2.0/specifications/haml-4.0.5.gemspec
I, [2014-05-29T13:27:16.953759 #5554]  INFO -- : 0:  rack (1.5.2) from /Users/cronin/.gem/ruby/2.2.0/specifications/rack-1.5.2.gemspec
I, [2014-05-29T13:27:19.682281 #5554]  INFO -- : 0:  puma (2.8.2) from /Users/cronin/.gem/ruby/2.2.0/specifications/puma-2.8.2.gemspec
I, [2014-05-29T13:27:19.682683 #5554]  INFO -- : 0:  rack-protection (1.5.3) from /Users/cronin/.gem/ruby/2.2.0/specifications/rack-protection-1.5.3.gemspec
I, [2014-05-29T13:27:19.682913 #5554]  INFO -- : 0:  sinatra (1.4.5) from /Users/cronin/.gem/ruby/2.2.0/specifications/sinatra-1.4.5.gemspec
I, [2014-05-29T13:27:19.683134 #5554]  INFO -- : 0:  bundler (1.5.1) from /Users/cronin/.gem/ruby/2.2.0/specifications/bundler-1.5.1.gemspec
I, [2014-05-29T13:29:53.126972 #6075]  INFO -- : 0:  i18n (0.6.9) from /Users/cronin/.gem/ruby/2.2.0/specifications/i18n-0.6.9.gemspec
I, [2014-05-29T13:29:53.127251 #6075]  INFO -- : 0:  json (1.8.1) from /Users/cronin/.rbenv/versions/2.2.0-dev/lib/ruby/gems/2.2.0/specifications/default/json-1.8.1.gemspec
I, [2014-05-29T13:29:53.127460 #6075]  INFO -- : 0:  minitest (5.3.4) from /Users/cronin/.gem/ruby/2.2.0/specifications/minitest-5.3.4.gemspec
I, [2014-05-29T13:29:53.127667 #6075]  INFO -- : 0:  thread_safe (0.3.4) from /Users/cronin/.gem/ruby/2.2.0/specifications/thread_safe-0.3.4.gemspec
I, [2014-05-29T13:29:53.127871 #6075]  INFO -- : 0:  tzinfo (1.2.0) from /Users/cronin/.gem/ruby/2.2.0/specifications/tzinfo-1.2.0.gemspec
I, [2014-05-29T13:29:53.128072 #6075]  INFO -- : 0:  activesupport (4.1.1) from /Users/cronin/.gem/ruby/2.2.0/specifications/activesupport-4.1.1.gemspec
I, [2014-05-29T13:29:53.128272 #6075]  INFO -- : 0:  builder (3.2.2) from /Users/cronin/.gem/ruby/2.2.0/specifications/builder-3.2.2.gemspec
I, [2014-05-29T13:29:53.128459 #6075]  INFO -- : 0:  activemodel (4.1.1) from /Users/cronin/.gem/ruby/2.2.0/specifications/activemodel-4.1.1.gemspec
I, [2014-05-29T13:29:53.128644 #6075]  INFO -- : 0:  arel (5.0.1.20140414130214) from /Users/cronin/.gem/ruby/2.2.0/specifications/arel-5.0.1.20140414130214.gemspec
I, [2014-05-29T13:29:53.128823 #6075]  INFO -- : 0:  activerecord (4.1.1) from /Users/cronin/.gem/ruby/2.2.0/specifications/activerecord-4.1.1.gemspec
I, [2014-05-29T13:29:53.129006 #6075]  INFO -- : 0:  coffee-script-source (1.7.0) from /Users/cronin/.gem/ruby/2.2.0/specifications/coffee-script-source-1.7.0.gemspec
I, [2014-05-29T13:29:53.129239 #6075]  INFO -- : 0:  execjs (2.1.0) from /Users/cronin/.gem/ruby/2.2.0/specifications/execjs-2.1.0.gemspec
I, [2014-05-29T13:29:53.129476 #6075]  INFO -- : 0:  coffee-script (2.2.0) from /Users/cronin/.gem/ruby/2.2.0/specifications/coffee-script-2.2.0.gemspec
I, [2014-05-29T13:29:53.129689 #6075]  INFO -- : 0:  tilt (1.4.1) from /Users/cronin/.gem/ruby/2.2.0/specifications/tilt-1.4.1.gemspec
I, [2014-05-29T13:29:53.129882 #6075]  INFO -- : 0:  haml (4.0.5) from /Users/cronin/.gem/ruby/2.2.0/specifications/haml-4.0.5.gemspec
I, [2014-05-29T13:29:55.423765 #6075]  INFO -- : 0:  mysql (2.9.1) from /Users/cronin/.gem/ruby/2.2.0/specifications/mysql-2.9.1.gemspec
I, [2014-05-29T13:29:55.424161 #6075]  INFO -- : 0:  rack (1.5.2) from /Users/cronin/.gem/ruby/2.2.0/specifications/rack-1.5.2.gemspec
I, [2014-05-29T13:29:55.424391 #6075]  INFO -- : 0:  puma (2.8.2) from /Users/cronin/.gem/ruby/2.2.0/specifications/puma-2.8.2.gemspec
I, [2014-05-29T13:29:55.424609 #6075]  INFO -- : 0:  rack-protection (1.5.3) from /Users/cronin/.gem/ruby/2.2.0/specifications/rack-protection-1.5.3.gemspec
I, [2014-05-29T13:29:55.424827 #6075]  INFO -- : 0:  sinatra (1.4.5) from /Users/cronin/.gem/ruby/2.2.0/specifications/sinatra-1.4.5.gemspec
I, [2014-05-29T13:29:55.425033 #6075]  INFO -- : 0:  bundler (1.5.1) from /Users/cronin/.gem/ruby/2.2.0/specifications/bundler-1.5.1.gemspec
I, [2014-05-29T13:30:40.786149 #6512]  INFO -- : 0:  i18n (0.6.9) from /Users/cronin/.gem/ruby/2.2.0/specifications/i18n-0.6.9.gemspec
I, [2014-05-29T13:30:40.786442 #6512]  INFO -- : 0:  json (1.8.1) from /Users/cronin/.rbenv/versions/2.2.0-dev/lib/ruby/gems/2.2.0/specifications/default/json-1.8.1.gemspec
I, [2014-05-29T13:30:40.786685 #6512]  INFO -- : 0:  minitest (5.3.4) from /Users/cronin/.gem/ruby/2.2.0/specifications/minitest-5.3.4.gemspec
I, [2014-05-29T13:30:40.786915 #6512]  INFO -- : 0:  thread_safe (0.3.4) from /Users/cronin/.gem/ruby/2.2.0/specifications/thread_safe-0.3.4.gemspec
I, [2014-05-29T13:30:40.787137 #6512]  INFO -- : 0:  tzinfo (1.2.0) from /Users/cronin/.gem/ruby/2.2.0/specifications/tzinfo-1.2.0.gemspec
I, [2014-05-29T13:30:40.787366 #6512]  INFO -- : 0:  activesupport (4.1.1) from /Users/cronin/.gem/ruby/2.2.0/specifications/activesupport-4.1.1.gemspec
I, [2014-05-29T13:30:40.787615 #6512]  INFO -- : 0:  builder (3.2.2) from /Users/cronin/.gem/ruby/2.2.0/specifications/builder-3.2.2.gemspec
I, [2014-05-29T13:30:40.787849 #6512]  INFO -- : 0:  activemodel (4.1.1) from /Users/cronin/.gem/ruby/2.2.0/specifications/activemodel-4.1.1.gemspec
I, [2014-05-29T13:30:40.788083 #6512]  INFO -- : 0:  arel (5.0.1.20140414130214) from /Users/cronin/.gem/ruby/2.2.0/specifications/arel-5.0.1.20140414130214.gemspec
I, [2014-05-29T13:30:40.788287 #6512]  INFO -- : 0:  activerecord (4.1.1) from /Users/cronin/.gem/ruby/2.2.0/specifications/activerecord-4.1.1.gemspec
I, [2014-05-29T13:30:40.788514 #6512]  INFO -- : 0:  coffee-script-source (1.7.0) from /Users/cronin/.gem/ruby/2.2.0/specifications/coffee-script-source-1.7.0.gemspec
I, [2014-05-29T13:30:40.788729 #6512]  INFO -- : 0:  execjs (2.1.0) from /Users/cronin/.gem/ruby/2.2.0/specifications/execjs-2.1.0.gemspec
I, [2014-05-29T13:30:40.788947 #6512]  INFO -- : 0:  coffee-script (2.2.0) from /Users/cronin/.gem/ruby/2.2.0/specifications/coffee-script-2.2.0.gemspec
I, [2014-05-29T13:30:40.789155 #6512]  INFO -- : 0:  tilt (1.4.1) from /Users/cronin/.gem/ruby/2.2.0/specifications/tilt-1.4.1.gemspec
I, [2014-05-29T13:30:40.789361 #6512]  INFO -- : 0:  haml (4.0.5) from /Users/cronin/.gem/ruby/2.2.0/specifications/haml-4.0.5.gemspec
I, [2014-05-29T13:30:40.789569 #6512]  INFO -- : 0:  mysql (2.9.1) from /Users/cronin/.gem/ruby/2.2.0/specifications/mysql-2.9.1.gemspec
I, [2014-05-29T13:30:40.789779 #6512]  INFO -- : 0:  rack (1.5.2) from /Users/cronin/.gem/ruby/2.2.0/specifications/rack-1.5.2.gemspec
I, [2014-05-29T13:30:40.789986 #6512]  INFO -- : 0:  puma (2.8.2) from /Users/cronin/.gem/ruby/2.2.0/specifications/puma-2.8.2.gemspec
I, [2014-05-29T13:30:40.790218 #6512]  INFO -- : 0:  rack-protection (1.5.3) from /Users/cronin/.gem/ruby/2.2.0/specifications/rack-protection-1.5.3.gemspec
I, [2014-05-29T13:30:40.790450 #6512]  INFO -- : 0:  sinatra (1.4.5) from /Users/cronin/.gem/ruby/2.2.0/specifications/sinatra-1.4.5.gemspec
I, [2014-05-29T13:30:40.790660 #6512]  INFO -- : 0:  bundler (1.5.1) from /Users/cronin/.gem/ruby/2.2.0/specifications/bundler-1.5.1.gemspec
